{"D:\\Netology\\2021\\task-JS4\\Lesson_7\\L7_t2\\index.js": {"path":"D:\\Netology\\2021\\task-JS4\\Lesson_7\\L7_t2\\index.js","statementMap":{"0":{"start":{"line":2,"column":25},"end":{"line":2,"column":78}},"1":{"start":{"line":3,"column":4},"end":{"line":5,"column":5}},"2":{"start":{"line":4,"column":8},"end":{"line":4,"column":53}},"3":{"start":{"line":6,"column":4},"end":{"line":6,"column":30}}},"fnMap":{"0":{"name":"phoneFormat","decl":{"start":{"line":1,"column":24},"end":{"line":1,"column":35}},"loc":{"start":{"line":1,"column":44},"end":{"line":7,"column":1}},"line":1}},"branchMap":{"0":{"loc":{"start":{"line":3,"column":4},"end":{"line":5,"column":5}},"type":"if","locations":[{"start":{"line":3,"column":4},"end":{"line":5,"column":5}},{"start":{},"end":{}}],"line":3}},"s":{"0":2,"1":2,"2":1,"3":1},"f":{"0":2},"b":{"0":[1,1]},"_coverageSchema":"1a1c01bbd47fc00a2c39e90264f33305004495a9","hash":"43c68a867554bb44d7bb3bb14438eaa216f1f77d"}
}
